/*C1*/SET SCHEMA SYSTEM_LOBS
INSERT INTO BLOCKS VALUES(0,2147483647,0)
COMMIT
/*C2*/SET SCHEMA PUBLIC
DISCONNECT
/*C3*/SET SCHEMA PUBLIC
create table Bebida (id_bebida bigint generated by default as identity (start with 1), activo boolean not null, descripcion varchar(300) not null, nombre_bebida varchar(100) not null, precio numeric(19,2) not null, primary key (id_bebida))
create table CategoriaFuerte (id_categoriaFuerte bigint generated by default as identity (start with 1), nombre_categoria varchar(100) not null, primary key (id_categoriaFuerte))
create table CategoriaGuarnicion (id_categoriaGuarnicion bigint generated by default as identity (start with 1), nombre_categoria varchar(100) not null, primary key (id_categoriaGuarnicion))
create table EstacionPrincipal (id_estacion bigint generated by default as identity (start with 1), activo boolean not null, descripcion varchar(300) not null, nombre_estacion varchar(100) not null, precio numeric(19,2) not null, id_categoriaFuerte bigint not null, primary key (id_estacion))
create table EstadoPedido (id_estado_pedido bigint generated by default as identity (start with 1), descripcion varchar(300) not null, nombre_estado varchar(100) not null, primary key (id_estado_pedido))
create table Guarnicion (id_guarnicion bigint generated by default as identity (start with 1), activo boolean not null, nombre_guarnicion varchar(100) not null, precio numeric(19,2) not null, id_categoriaGuarnicion bigint not null, primary key (id_guarnicion))
create table IMAGES (ID varchar(32) not null, GALLERY varchar(32), image varbinary(16777216), primary key (ID))
create table OXDISCUSSIONCOMMENTS (id varchar(32) not null, comment clob(16777216), discussionId varchar(32), time timestamp, userName varchar(30), primary key (id))
create table Postre (id_bebida bigint generated by default as identity (start with 1), activo boolean not null, descripcion varchar(300) not null, nombre_bebida varchar(100) not null, precio numeric(19,2) not null, primary key (id_bebida))
create table TipoPedido (id_tipo_pedido bigint generated by default as identity (start with 1), activo boolean not null, descripcion varchar(300) not null, nombre_tipo varchar(100) not null, primary key (id_tipo_pedido))
create table TuPrimeraEntidad (id varchar(32) not null, descripcion varchar(50), fecha date, importe numeric(19,2), primary key (id))
create index IDXbhlx4vunn24ym1tbrlgq8g30m on OXDISCUSSIONCOMMENTS (discussionId)
alter table EstacionPrincipal add constraint FKfrmxu6ljh9c9g76fm5d0lk4v1 foreign key (id_categoriaFuerte) references CategoriaFuerte
alter table Guarnicion add constraint FKct4n3uwooco9qb4gckcskho9f foreign key (id_categoriaGuarnicion) references CategoriaGuarnicion
INSERT INTO CATEGORIAGUARNICION VALUES(1,'Bastimento')
COMMIT
INSERT INTO GUARNICION VALUES(1,TRUE,'Maduro Frito ',30.00,1)
COMMIT
INSERT INTO CATEGORIAFUERTE VALUES(1,'Res')
COMMIT
INSERT INTO ESTACIONPRINCIPAL VALUES(1,TRUE,'Bistec Encebollado, un delicioso plato principal  preparado con carne de res, marinado f\u00e1cilmente con una combinaci\u00f3n de Adobo con Pimienta GOYA\u00ae y Ajo Picado GOYA\u00ae; para lograr su extraordinario sabor. Disfruta de este cl\u00e1sico latino en compa\u00f1\u00eda de familia y amigos.','Bistek Encebollado ',110.00,1)
COMMIT
INSERT INTO TIPOPEDIDO VALUES(1,TRUE,' Servicio que permite al cliente comprar en l\u00ednea o por tel\u00e9fono y recoger el pedido en un punto de venta f\u00edsico designado ','Pickup ')
COMMIT
INSERT INTO POSTRE VALUES(1,TRUE,' Bizcocho ba\u00f1ado con tres tipos de l\u00e1cteo: leche evaporada, media crema y leche condensada','Tres Leches ',100.00)
COMMIT
